Unzipping queue media\templates.microweber.com\img-7.png...
Unzipping queue media\templates.microweber.com\L4-16dmZ-1c-1600.jpg...
Unzipping queue media\templates.microweber.com\logo-dark.png...
Unzipping queue media\templates.microweber.com\logo.png...
Unzipping queue media\templates.microweber.com\lsJ9jHKIqHg-1600.jpg...
Unzipping queue media\templates.microweber.com\people-1.jpg...
Unzipping queue media\templates.microweber.com\people-2.jpg...
Unzipping queue media\templates.microweber.com\people-3.jpg...
Unzipping queue media\templates.microweber.com\people-3_1.jpg...
Unzipping queue media\templates.microweber.com\slide-1.jpg...
Unzipping queue media\templates.microweber.com\slide-2.jpg...
Unzipping queue media\templates.microweber.com\team1.jpg...
Unzipping queue media\templates.microweber.com\team1_1.jpg...
Unzipping queue media\templates.microweber.com\team2.jpg...
Unzipping queue media\templates.microweber.com\team3.jpg...
Unzipping queue media\templates.microweber.com\team6.jpg...
Unzipping queue media\templates.microweber.com\testimonial.png...
Unzipping queue media\templates.microweber.com\v1.jpg...
Unzipping queue backup_export_2021-11-11-095930.json...
C:\duan\storage\backup_content\production\temp_backup_zip/94cd487ae17ed0abf6ac538e9302518c/
